# JRE version: OpenJDK Runtime Environment JBR-17.0.10+8-1207.12-jcef (17.0.10+8) (build 17.0.10+8-b1207.12)
# Java VM: OpenJDK 64-Bit Server VM JBR-17.0.10+8-1207.12-jcef (17.0.10+8-b1207.12, mixed mode, tiered, compressed oops, compressed class ptrs, g1 gc, windows-amd64)
GC Precious Log:
 CPUs: 4 total, 4 available
 Memory: 10152M
 Large Page Support: Disabled
 NUMA Support: Disabled
 Compressed Oops: Enabled (32-bit)
 Heap Region Size: 1M
 Heap Min Capacity: 256M
 Heap Initial Capacity: 256M
 Heap Max Capacity: 2G
 Pre-touch: Disabled
 Parallel Workers: 4
 Concurrent Workers: 1
 Concurrent Refinement Workers: 4
 Periodic GC: Disabled
Heap:
 garbage-first heap   total 330752K, used 264983K [0x0000000080000000, 0x0000000100000000)
  region size 1024K, 81 young (82944K), 2 survivors (2048K)
 Metaspace       used 213456K, committed 215040K, reserved 1245184K
  class space    used 25946K, committed 26688K, reserved 1048576K
GC Heap History (20 events):
Event: 119.571 GC heap before
{Heap before GC invocations=186 (full 0):
 garbage-first heap   total 323584K, used 270851K [0x0000000080000000, 0x0000000100000000)
  region size 1024K, 143 young (146432K), 22 survivors (22528K)
 Metaspace       used 193062K, committed 195008K, reserved 1245184K
  class space    used 23564K, committed 24448K, reserved 1048576K
}
Event: 119.631 GC heap after
{Heap after GC invocations=187 (full 0):
 garbage-first heap   total 330752K, used 184032K [0x0000000080000000, 0x0000000100000000)
  region size 1024K, 18 young (18432K), 18 survivors (18432K)
 Metaspace       used 193062K, committed 195008K, reserved 1245184K
  class space    used 23564K, committed 24448K, reserved 1048576K
}
Event: 124.084 GC heap before
{Heap before GC invocations=187 (full 0):
 garbage-first heap   total 330752K, used 263904K [0x0000000080000000, 0x0000000100000000)
  region size 1024K, 97 young (99328K), 18 survivors (18432K)
 Metaspace       used 196028K, committed 197952K, reserved 1245184K
  class space    used 23917K, committed 24768K, reserved 1048576K
}
Event: 124.114 GC heap after
{Heap after GC invocations=188 (full 0):
 garbage-first heap   total 330752K, used 189440K [0x0000000080000000, 0x0000000100000000)
  region size 1024K, 5 young (5120K), 5 survivors (5120K)
 Metaspace       used 196028K, committed 197952K, reserved 1245184K
  class space    used 23917K, committed 24768K, reserved 1048576K
}
Event: 144.823 GC heap before
{Heap before GC invocations=189 (full 0):
 garbage-first heap   total 330752K, used 257024K [0x0000000080000000, 0x0000000100000000)
  region size 1024K, 84 young (86016K), 5 survivors (5120K)
 Metaspace       used 204334K, committed 206144K, reserved 1245184K
  class space    used 24933K, committed 25728K, reserved 1048576K
}
Event: 144.834 GC heap after
{Heap after GC invocations=190 (full 0):
 garbage-first heap   total 330752K, used 181075K [0x0000000080000000, 0x0000000100000000)
  region size 1024K, 9 young (9216K), 9 survivors (9216K)
 Metaspace       used 204334K, committed 206144K, reserved 1245184K
  class space    used 24933K, committed 25728K, reserved 1048576K
}
Event: 145.323 GC heap before
{Heap before GC invocations=190 (full 0):
 garbage-first heap   total 330752K, used 188243K [0x0000000080000000, 0x0000000100000000)
  region size 1024K, 16 young (16384K), 9 survivors (9216K)
 Metaspace       used 204996K, committed 206720K, reserved 1245184K
  class space    used 24976K, committed 25728K, reserved 1048576K
}
Event: 145.336 GC heap after
{Heap after GC invocations=191 (full 0):
 garbage-first heap   total 330752K, used 180107K [0x0000000080000000, 0x0000000100000000)
  region size 1024K, 2 young (2048K), 2 survivors (2048K)
 Metaspace       used 204996K, committed 206720K, reserved 1245184K
  class space    used 24976K, committed 25728K, reserved 1048576K
}
Event: 174.532 GC heap before
{Heap before GC invocations=191 (full 0):
 garbage-first heap   total 330752K, used 267147K [0x0000000080000000, 0x0000000100000000)
  region size 1024K, 88 young (90112K), 2 survivors (2048K)
 Metaspace       used 206668K, committed 208512K, reserved 1245184K
  class space    used 25205K, committed 26048K, reserved 1048576K
}
Event: 174.548 GC heap after
{Heap after GC invocations=192 (full 0):
 garbage-first heap   total 330752K, used 182933K [0x0000000080000000, 0x0000000100000000)
  region size 1024K, 5 young (5120K), 5 survivors (5120K)
 Metaspace       used 206668K, committed 208512K, reserved 1245184K
  class space    used 25205K, committed 26048K, reserved 1048576K
}
Event: 213.487 GC heap before
{Heap before GC invocations=193 (full 0):
 garbage-first heap   total 330752K, used 272021K [0x0000000080000000, 0x0000000100000000)
  region size 1024K, 92 young (94208K), 5 survivors (5120K)
 Metaspace       used 210411K, committed 212096K, reserved 1245184K
  class space    used 25725K, committed 26496K, reserved 1048576K
}
Event: 213.497 GC heap after
{Heap after GC invocations=194 (full 0):
 garbage-first heap   total 330752K, used 184860K [0x0000000080000000, 0x0000000100000000)
  region size 1024K, 6 young (6144K), 6 survivors (6144K)
 Metaspace       used 210411K, committed 212096K, reserved 1245184K
  class space    used 25725K, committed 26496K, reserved 1048576K
}
Event: 213.549 GC heap before
{Heap before GC invocations=194 (full 0):
 garbage-first heap   total 330752K, used 195100K [0x0000000080000000, 0x0000000100000000)
  region size 1024K, 16 young (16384K), 6 survivors (6144K)
 Metaspace       used 210414K, committed 212160K, reserved 1245184K
  class space    used 25725K, committed 26496K, reserved 1048576K
}
Event: 213.558 GC heap after
{Heap after GC invocations=195 (full 0):
 garbage-first heap   total 330752K, used 183065K [0x0000000080000000, 0x0000000100000000)
  region size 1024K, 1 young (1024K), 1 survivors (1024K)
 Metaspace       used 210414K, committed 212160K, reserved 1245184K
  class space    used 25725K, committed 26496K, reserved 1048576K
}
Event: 290.930 GC heap before
{Heap before GC invocations=195 (full 0):
 garbage-first heap   total 330752K, used 275225K [0x0000000080000000, 0x0000000100000000)
  region size 1024K, 92 young (94208K), 1 survivors (1024K)
 Metaspace       used 212245K, committed 213952K, reserved 1245184K
  class space    used 25928K, committed 26688K, reserved 1048576K
}
Event: 290.936 GC heap after
{Heap after GC invocations=196 (full 0):
 garbage-first heap   total 330752K, used 184973K [0x0000000080000000, 0x0000000100000000)
  region size 1024K, 3 young (3072K), 3 survivors (3072K)
 Metaspace       used 212245K, committed 213952K, reserved 1245184K
  class space    used 25928K, committed 26688K, reserved 1048576K
}
Event: 333.900 GC heap before
{Heap before GC invocations=197 (full 0):
 garbage-first heap   total 330752K, used 279181K [0x0000000080000000, 0x0000000100000000)
  region size 1024K, 94 young (96256K), 3 survivors (3072K)
 Metaspace       used 212372K, committed 214144K, reserved 1245184K
  class space    used 25854K, committed 26688K, reserved 1048576K
}
Event: 333.907 GC heap after
{Heap after GC invocations=198 (full 0):
 garbage-first heap   total 330752K, used 187109K [0x0000000080000000, 0x0000000100000000)
  region size 1024K, 4 young (4096K), 4 survivors (4096K)
 Metaspace       used 212372K, committed 214144K, reserved 1245184K
  class space    used 25854K, committed 26688K, reserved 1048576K
}
Event: 340.796 GC heap before
{Heap before GC invocations=198 (full 0):
 garbage-first heap   total 330752K, used 198373K [0x0000000080000000, 0x0000000100000000)
  region size 1024K, 16 young (16384K), 4 survivors (4096K)
 Metaspace       used 212374K, committed 214144K, reserved 1245184K
  class space    used 25854K, committed 26688K, reserved 1048576K
}
Event: 340.806 GC heap after
{Heap after GC invocations=199 (full 0):
 garbage-first heap   total 330752K, used 185111K [0x0000000080000000, 0x0000000100000000)
  region size 1024K, 2 young (2048K), 2 survivors (2048K)
 Metaspace       used 212374K, committed 214144K, reserved 1245184K
  class space    used 25854K, committed 26688K, reserved 1048576K
}

